<?xml version="1.0" encoding="utf-8"?>
<coverage line-rate="1" branch-rate="0.9375" version="1.9" timestamp="1687872017" lines-covered="26" lines-valid="26" branches-covered="15" branches-valid="16">
  <sources>
    <source>/</source>
  </sources>
  <packages>
    <package name="SquareEquationLib" line-rate="1" branch-rate="0.9375" complexity="16">
      <classes>
        <class name="SquareEquationLib.SquareEquation" filename="Users/sergejkotov/VSCodeProjects/OmSTU-AMCS-SummerPractice2023/SquareEquationLib/SquareEquation.cs" line-rate="1" branch-rate="0.9375" complexity="16">
          <methods>
            <method name="Solve" signature="(System.Double,System.Double,System.Double)" line-rate="1" branch-rate="0.9375" complexity="16">
              <lines>
                <line number="9" hits="15" branch="False" />
                <line number="12" hits="15" branch="True" condition-coverage="100% (4/4)">
                  <conditions>
                    <condition number="11" type="jump" coverage="100%" />
                    <condition number="30" type="jump" coverage="100%" />
                  </conditions>
                </line>
                <line number="13" hits="3" branch="False" />
                <line number="14" hits="3" branch="False" />
                <line number="16" hits="12" branch="True" condition-coverage="100% (4/4)">
                  <conditions>
                    <condition number="49" type="jump" coverage="100%" />
                    <condition number="66" type="jump" coverage="100%" />
                  </conditions>
                </line>
                <line number="17" hits="12" branch="False" />
                <line number="18" hits="6" branch="False" />
                <line number="19" hits="6" branch="False" />
                <line number="22" hits="6" branch="False" />
                <line number="24" hits="6" branch="True" condition-coverage="100% (4/4)">
                  <conditions>
                    <condition number="103" type="jump" coverage="100%" />
                    <condition number="122" type="jump" coverage="100%" />
                  </conditions>
                </line>
                <line number="25" hits="1" branch="False" />
                <line number="26" hits="1" branch="False" />
                <line number="28" hits="1" branch="False" />
                <line number="29" hits="1" branch="False" />
                <line number="31" hits="2" branch="False" />
                <line number="33" hits="1" branch="False" />
                <line number="35" hits="5" branch="True" condition-coverage="75% (3/4)">
                  <conditions>
                    <condition number="198" type="jump" coverage="50%" />
                    <condition number="219" type="jump" coverage="100%" />
                  </conditions>
                </line>
                <line number="36" hits="4" branch="False" />
                <line number="37" hits="4" branch="False" />
                <line number="38" hits="4" branch="False" />
                <line number="39" hits="4" branch="False" />
                <line number="40" hits="4" branch="False" />
                <line number="41" hits="4" branch="False" />
                <line number="44" hits="1" branch="False" />
                <line number="45" hits="1" branch="False" />
                <line number="47" hits="6" branch="False" />
              </lines>
            </method>
          </methods>
          <lines>
            <line number="9" hits="15" branch="False" />
            <line number="12" hits="15" branch="True" condition-coverage="100% (4/4)">
              <conditions>
                <condition number="11" type="jump" coverage="100%" />
                <condition number="30" type="jump" coverage="100%" />
              </conditions>
            </line>
            <line number="13" hits="3" branch="False" />
            <line number="14" hits="3" branch="False" />
            <line number="16" hits="12" branch="True" condition-coverage="100% (4/4)">
              <conditions>
                <condition number="49" type="jump" coverage="100%" />
                <condition number="66" type="jump" coverage="100%" />
              </conditions>
            </line>
            <line number="17" hits="12" branch="False" />
            <line number="18" hits="6" branch="False" />
            <line number="19" hits="6" branch="False" />
            <line number="22" hits="6" branch="False" />
            <line number="24" hits="6" branch="True" condition-coverage="100% (4/4)">
              <conditions>
                <condition number="103" type="jump" coverage="100%" />
                <condition number="122" type="jump" coverage="100%" />
              </conditions>
            </line>
            <line number="25" hits="1" branch="False" />
            <line number="26" hits="1" branch="False" />
            <line number="28" hits="1" branch="False" />
            <line number="29" hits="1" branch="False" />
            <line number="31" hits="2" branch="False" />
            <line number="33" hits="1" branch="False" />
            <line number="35" hits="5" branch="True" condition-coverage="75% (3/4)">
              <conditions>
                <condition number="198" type="jump" coverage="50%" />
                <condition number="219" type="jump" coverage="100%" />
              </conditions>
            </line>
            <line number="36" hits="4" branch="False" />
            <line number="37" hits="4" branch="False" />
            <line number="38" hits="4" branch="False" />
            <line number="39" hits="4" branch="False" />
            <line number="40" hits="4" branch="False" />
            <line number="41" hits="4" branch="False" />
            <line number="44" hits="1" branch="False" />
            <line number="45" hits="1" branch="False" />
            <line number="47" hits="6" branch="False" />
          </lines>
        </class>
      </classes>
    </package>
  </packages>
</coverage>